<?xml version="1.0" encoding="UTF-8"?>
<!-- Generated by org.testng.reporters.JUnitXMLReporter -->
<testsuite hostname="DESKTOP-987SG1D" ignored="4" name="Test" tests="5" failures="2" timestamp="2020-05-24T06:01:11 IST" time="68.781" errors="0">
  <testcase name="doLogin" time="6.775" classname="POM_FaceBookTestCases.Tc_01_LoginTest"/>
  <testcase name="Click_Profile" time="30.009" classname="POM_FaceBookTestCases.Tc_02_ProfileTest"/>
  <testcase name="Edit_Profile" time="2.582" classname="POM_FaceBookTestCases.Tc_03_EditProfileTest"/>
  <testcase name="Upload_Photo" time="12.169" classname="POM_FaceBookTestCases.Tc_04_UploadPhotoTest">
    <failure type="org.sikuli.script.FindFailed" message="Region: doFind: Image not loadable: P(C:/Users/Laxmi Computers/Desktop/capture1.png -- not valid!) S: 0.7">
      <![CDATA[FindFailed: Region: doFind: Image not loadable: P(C:/Users/Laxmi Computers/Desktop/capture1.png -- not valid!) S: 0.7
  Line 2535, in file Region.java

at org.sikuli.script.Region.wait(Region.java:2535)
at POM_FaceBookPages.UploadPhotoPage.ClickOnUploadPhoto(UploadPhotoPage.java:46)
at POM_FaceBookTestCases.Tc_04_UploadPhotoTest.Upload_Photo(Tc_04_UploadPhotoTest.java:56)
at java.util.ArrayList.forEach(ArrayList.java:1257)
... Removed 27 stack frames]]>
    </failure>
  </testcase> <!-- Upload_Photo -->
  <testcase name="Click_SaveButton" time="13.566" classname="POM_FaceBookTestCases.Tc_05_SaveButtonTest">
    <failure type="org.openqa.selenium.NoSuchElementException" message="Unable to locate element: //button[@class=&amp;apos;_4jy0 _4jy3 _4jy1 _51sy selected _42ft&amp;apos;]
For documentation on this error, please visit: https://www.seleniumhq.org/exceptions/no_such_element.html
Build info: version: &amp;apos;3.141.59&amp;apos;, revision: &amp;apos;e82be7d358&amp;apos;, time: &amp;apos;2018-11-14T08:17:03&amp;apos;
System info: host: &amp;apos;DESKTOP-987SG1D&amp;apos;, ip: &amp;apos;192.168.99.1&amp;apos;, os.name: &amp;apos;Windows 10&amp;apos;, os.arch: &amp;apos;amd64&amp;apos;, os.version: &amp;apos;10.0&amp;apos;, java.version: &amp;apos;1.8.0_191&amp;apos;
Driver info: org.openqa.selenium.firefox.FirefoxDriver
Capabilities {acceptInsecureCerts: true, browserName: firefox, browserVersion: 76.0.1, javascriptEnabled: true, moz:accessibilityChecks: false, moz:buildID: 20200507114007, moz:geckodriverVersion: 0.26.0, moz:headless: false, moz:processID: 5336, moz:profile: C:\Users\Administrator\AppD..., moz:shutdownTimeout: 60000, moz:useNonSpecCompliantPointerOrigin: false, moz:webdriverClick: true, pageLoadStrategy: normal, platform: WINDOWS, platformName: WINDOWS, platformVersion: 10.0, rotatable: false, setWindowRect: true, strictFileInteractability: false, timeouts: {implicit: 0, pageLoad: 300000, script: 30000}, unhandledPromptBehavior: dismiss and notify}
Session ID: 1ea71699-5657-4e1a-8a80-afba1194f639
*** Element info: {Using=xpath, value=//button[@class=&amp;apos;_4jy0 _4jy3 _4jy1 _51sy selected _42ft&amp;apos;]}">
      <![CDATA[org.openqa.selenium.NoSuchElementException: Unable to locate element: //button[@class='_4jy0 _4jy3 _4jy1 _51sy selected _42ft']
For documentation on this error, please visit: https://www.seleniumhq.org/exceptions/no_such_element.html
Build info: version: '3.141.59', revision: 'e82be7d358', time: '2018-11-14T08:17:03'
System info: host: 'DESKTOP-987SG1D', ip: '192.168.99.1', os.name: 'Windows 10', os.arch: 'amd64', os.version: '10.0', java.version: '1.8.0_191'
Driver info: org.openqa.selenium.firefox.FirefoxDriver
Capabilities {acceptInsecureCerts: true, browserName: firefox, browserVersion: 76.0.1, javascriptEnabled: true, moz:accessibilityChecks: false, moz:buildID: 20200507114007, moz:geckodriverVersion: 0.26.0, moz:headless: false, moz:processID: 5336, moz:profile: C:\Users\Administrator\AppD..., moz:shutdownTimeout: 60000, moz:useNonSpecCompliantPointerOrigin: false, moz:webdriverClick: true, pageLoadStrategy: normal, platform: WINDOWS, platformName: WINDOWS, platformVersion: 10.0, rotatable: false, setWindowRect: true, strictFileInteractability: false, timeouts: {implicit: 0, pageLoad: 300000, script: 30000}, unhandledPromptBehavior: dismiss and notify}
Session ID: 1ea71699-5657-4e1a-8a80-afba1194f639
*** Element info: {Using=xpath, value=//button[@class='_4jy0 _4jy3 _4jy1 _51sy selected _42ft']}
at org.openqa.selenium.remote.http.W3CHttpResponseCodec.createException(W3CHttpResponseCodec.java:187)
at org.openqa.selenium.remote.http.W3CHttpResponseCodec.decode(W3CHttpResponseCodec.java:122)
at org.openqa.selenium.remote.http.W3CHttpResponseCodec.decode(W3CHttpResponseCodec.java:49)
at org.openqa.selenium.remote.HttpCommandExecutor.execute(HttpCommandExecutor.java:158)
at org.openqa.selenium.remote.service.DriverCommandExecutor.execute(DriverCommandExecutor.java:83)
at org.openqa.selenium.remote.RemoteWebDriver.execute(RemoteWebDriver.java:552)
at org.openqa.selenium.remote.RemoteWebDriver.findElement(RemoteWebDriver.java:323)
at org.openqa.selenium.remote.RemoteWebDriver.findElementByXPath(RemoteWebDriver.java:428)
at org.openqa.selenium.By$ByXPath.findElement(By.java:353)
at org.openqa.selenium.remote.RemoteWebDriver.findElement(RemoteWebDriver.java:315)
at org.openqa.selenium.support.pagefactory.DefaultElementLocator.findElement(DefaultElementLocator.java:69)
at org.openqa.selenium.support.pagefactory.internal.LocatingElementHandler.invoke(LocatingElementHandler.java:38)
at com.sun.proxy.$Proxy10.click(Unknown Source)
at POM_FaceBookPages.SaveButtonPage.getsavebutton(SaveButtonPage.java:25)
at POM_FaceBookTestCases.Tc_05_SaveButtonTest.Click_SaveButton(Tc_05_SaveButtonTest.java:29)
at java.util.ArrayList.forEach(ArrayList.java:1257)
... Removed 31 stack frames]]>
    </failure>
  </testcase> <!-- Click_SaveButton -->
  <testcase name="@BeforeSuite init" time="0.0" classname="POM_Core.testCore">
    <ignored/>
  </testcase> <!-- @BeforeSuite init -->
  <testcase name="@BeforeSuite init" time="0.0" classname="POM_Core.testCore">
    <ignored/>
  </testcase> <!-- @BeforeSuite init -->
  <testcase name="@BeforeSuite init" time="0.0" classname="POM_Core.testCore">
    <ignored/>
  </testcase> <!-- @BeforeSuite init -->
  <testcase name="@BeforeSuite init" time="0.0" classname="POM_Core.testCore">
    <ignored/>
  </testcase> <!-- @BeforeSuite init -->
</testsuite> <!-- Test -->
